<?xml version="1.0" encoding="UTF-8"?>
<!-- Generated by org.testng.reporters.JUnitReportReporter -->
<testsuite skipped="0" hostname="LAPTOP-JJ7FQKAA" name="com.jxq.douban.SearchTagsTest" tests="2" failures="0" timestamp="26 十月 2020 08:14:49 GMT" time="0.785" errors="0">
  <testcase name="testcase1" time="0.753" classname="com.jxq.douban.SearchTagsTest"/>
  <testcase name="testcase2" time="0.032" classname="com.jxq.douban.SearchTagsTest"/>
</testsuite> <!-- com.jxq.douban.SearchTagsTest -->
