<?xml version="1.0" encoding="UTF-8"?>
<!-- Generated by org.testng.reporters.JUnitReportReporter -->
<testsuite skipped="0" hostname="LAPTOP-JJ7FQKAA" name="com.mazy.interfTest.SearchTagsTest" tests="3" failures="0" timestamp="24 Nov 2020 10:22:26 GMT" time="0.854" errors="0">
  <testcase name="testcase1" time="0.700" classname="com.mazy.interfTest.SearchTagsTest"/>
  <testcase name="testcase2" time="0.044" classname="com.mazy.interfTest.SearchTagsTest"/>
  <testcase name="testcase3" time="0.110" classname="com.mazy.interfTest.SearchTagsTest"/>
</testsuite> <!-- com.mazy.interfTest.SearchTagsTest -->
