<?xml version="1.0" encoding="UTF-8"?>
<!-- Generated by org.testng.reporters.JUnitReportReporter -->
<testsuite skipped="0" hostname="LAPTOP-JJ7FQKAA" name="com.jxq.douban.SearchTagsTest" tests="2" failures="0" timestamp="22 Oct 2020 02:38:16 GMT" time="0.683" errors="0">
  <testcase name="testcase1" time="0.661" classname="com.jxq.douban.SearchTagsTest"/>
  <testcase name="testcase2" time="0.022" classname="com.jxq.douban.SearchTagsTest"/>
</testsuite> <!-- com.jxq.douban.SearchTagsTest -->
