<?xml version="1.0" encoding="UTF-8"?>
<!-- Generated by org.testng.reporters.JUnitReportReporter -->
<testsuite skipped="0" hostname="LAPTOP-JJ7FQKAA" name="com.mazy.douban.SearchTagsTest" tests="3" failures="0" timestamp="27 十月 2020 01:24:20 GMT" time="0.995" errors="0">
  <testcase name="testcase2" time="0.066" classname="com.mazy.douban.SearchTagsTest"/>
  <testcase name="testcase1" time="0.865" classname="com.mazy.douban.SearchTagsTest"/>
  <testcase name="testcase3" time="0.064" classname="com.mazy.douban.SearchTagsTest"/>
</testsuite> <!-- com.mazy.douban.SearchTagsTest -->
