<?xml version="1.0" encoding="UTF-8"?>
<!-- Generated by org.testng.reporters.JUnitReportReporter -->
<testsuite skipped="0" hostname="LAPTOP-JJ7FQKAA" name="com.mazy.interfTest.SearchTagsTest" tests="3" failures="0" timestamp="27 Oct 2020 07:21:36 GMT" time="0.761" errors="0">
  <testcase name="testcase3" time="0.084" classname="com.mazy.interfTest.SearchTagsTest"/>
  <testcase name="testcase2" time="0.027" classname="com.mazy.interfTest.SearchTagsTest"/>
  <testcase name="testcase1" time="0.650" classname="com.mazy.interfTest.SearchTagsTest"/>
</testsuite> <!-- com.mazy.interfTest.SearchTagsTest -->
