<?xml version="1.0" encoding="UTF-8"?>
<!-- Generated by org.testng.reporters.JUnitReportReporter -->
<testsuite skipped="0" hostname="LAPTOP-JJ7FQKAA" name="com.mazy.interfTest.SearchTagsTest" tests="3" failures="0" timestamp="24 十一月 2020 04:04:48 GMT" time="1.084" errors="0">
  <testcase name="testcase2" time="0.027" classname="com.mazy.interfTest.SearchTagsTest"/>
  <testcase name="testcase1" time="0.836" classname="com.mazy.interfTest.SearchTagsTest"/>
  <testcase name="testcase3" time="0.221" classname="com.mazy.interfTest.SearchTagsTest"/>
</testsuite> <!-- com.mazy.interfTest.SearchTagsTest -->
