<?xml version="1.0" encoding="UTF-8"?>
<!-- Generated by org.testng.reporters.JUnitReportReporter -->
<testsuite skipped="0" hostname="LAPTOP-JJ7FQKAA" name="com.mazy.interfTest.SearchTagsTest" tests="3" failures="0" timestamp="25 Nov 2020 07:28:54 GMT" time="0.757" errors="0">
  <testcase name="testcase1" time="0.655" classname="com.mazy.interfTest.SearchTagsTest"/>
  <testcase name="testcase2" time="0.080" classname="com.mazy.interfTest.SearchTagsTest"/>
  <testcase name="testcase3" time="0.022" classname="com.mazy.interfTest.SearchTagsTest"/>
</testsuite> <!-- com.mazy.interfTest.SearchTagsTest -->
